{"timestamp":"2023-07-03T21:56:41.091Z","method":"GET","url":"/"}
{"timestamp":"2023-07-03T21:58:22.180Z","method":"GET","url":"/branch"}
{"timestamp":"2023-07-03T22:02:58.910Z","method":"GET","url":"/branch"}
{"timestamp":"2023-07-03T22:04:19.202Z","method":"GET","url":"/branch"}
{"timestamp":"2023-07-03T22:08:21.045Z","method":"GET","url":"/branch"}
{"timestamp":"2023-07-03T22:13:20.171Z","method":"GET","url":"/branch"}
{"timestamp":"2023-07-03T22:18:24.774Z","method":"GET","url":"/branch"}
{"timestamp":"2023-07-03T22:20:24.331Z","method":"GET","url":"/branch"}
{"timestamp":"2023-07-03T22:27:55.623Z","method":"GET","url":"/branch"}
{"timestamp":"2023-07-03T22:28:30.898Z","method":"GET","url":"/branch"}
{"timestamp":"2023-07-04T17:53:03.677Z","method":"GET","url":"/branch"}
{"timestamp":"2023-07-04T17:53:21.955Z","method":"GET","url":"/branch"}
{"timestamp":"2023-07-04T17:53:27.803Z","method":"GET","url":"/branchh"}
{"timestamp":"2023-07-04T17:53:31.025Z","method":"GET","url":"/branch"}
{"timestamp":"2023-07-04T17:55:16.411Z","method":"GET","url":"/branch"}
{"timestamp":"2023-07-04T17:58:23.905Z","method":"GET","url":"/branch"}
{"timestamp":"2023-07-04T18:00:59.011Z","method":"GET","url":"/branch"}
{"timestamp":"2023-07-04T18:07:54.864Z","method":"GET","url":"/branch"}
{"timestamp":"2023-07-04T18:09:38.731Z","method":"GET","url":"/branch"}
{"timestamp":"2023-07-04T18:15:30.723Z","method":"GET","url":"/branch"}
{"timestamp":"2023-07-04T18:15:54.679Z","method":"GET","url":"/branch"}
{"timestamp":"2023-07-04T18:22:16.418Z","method":"GET","url":"/branch"}
{"timestamp":"2023-07-04T18:25:27.401Z","method":"GET","url":"/branch"}
{"timestamp":"2023-07-04T18:28:13.857Z","method":"GET","url":"/branch"}
{"timestamp":"2023-07-04T18:31:15.722Z","method":"GET","url":"/branch"}
{"timestamp":"2023-07-04T18:32:33.743Z","method":"GET","url":"/branch"}
{"timestamp":"2023-07-04T18:33:34.522Z","method":"GET","url":"/branch"}
{"timestamp":"2023-07-04T18:35:46.362Z","method":"GET","url":"/branch"}
{"timestamp":"2023-07-04T18:49:53.699Z","method":"GET","url":"/branch/f"}
{"timestamp":"2023-07-04T18:51:13.766Z","method":"GET","url":"/branch/f"}
{"timestamp":"2023-07-04T18:52:59.211Z","method":"GET","url":"/branch/f"}
{"timestamp":"2023-07-04T18:53:54.577Z","method":"GET","url":"/branch/f"}
{"timestamp":"2023-07-04T18:57:00.274Z","method":"GET","url":"/branch/f"}
{"timestamp":"2023-07-04T18:58:32.055Z","method":"GET","url":"/branch/"}
{"timestamp":"2023-07-05T16:54:06.376Z","method":"GET","url":"/branch"}
{"timestamp":"2023-07-05T16:54:37.078Z","method":"GET","url":"/favicon.ico"}
{"timestamp":"2023-07-05T16:58:01.150Z","method":"GET","url":"/branch"}
{"timestamp":"2023-07-05T17:03:55.046Z","method":"GET","url":"/branch"}
{"timestamp":"2023-07-05T17:05:13.275Z","method":"GET","url":"/branch"}
{"timestamp":"2023-07-05T17:09:18.034Z","method":"GET","url":"/branch"}
{"timestamp":"2023-07-05T17:11:32.093Z","method":"GET","url":"/branch"}
{"timestamp":"2023-07-05T17:16:37.226Z","method":"GET","url":"/branch"}
{"timestamp":"2023-07-05T17:17:55.459Z","method":"GET","url":"/branch"}
{"timestamp":"2023-07-05T17:21:20.632Z","method":"GET","url":"/branch"}
{"timestamp":"2023-07-05T17:26:24.676Z","method":"GET","url":"/branch"}
{"timestamp":"2023-07-05T17:26:37.148Z","method":"GET","url":"/branch"}
{"timestamp":"2023-07-05T17:27:49.540Z","method":"GET","url":"/branch"}
{"timestamp":"2023-07-05T17:32:04.715Z","method":"GET","url":"/branch"}
{"timestamp":"2023-07-05T17:32:19.462Z","method":"GET","url":"/branch"}
{"timestamp":"2023-07-05T17:40:09.474Z","method":"GET","url":"/branch"}
{"timestamp":"2023-07-05T17:40:29.896Z","method":"GET","url":"/branch"}
{"timestamp":"2023-07-05T17:44:09.665Z","method":"GET","url":"/"}
{"timestamp":"2023-07-05T17:46:58.956Z","method":"GET","url":"/"}
{"timestamp":"2023-07-05T17:47:25.239Z","method":"GET","url":"/"}
{"timestamp":"2023-07-05T17:47:54.134Z","method":"GET","url":"/"}
{"timestamp":"2023-07-05T17:49:40.427Z","method":"GET","url":"/"}
{"timestamp":"2023-07-05T17:50:49.492Z","method":"GET","url":"/"}
{"timestamp":"2023-07-05T17:52:43.242Z","method":"GET","url":"/"}
{"timestamp":"2023-07-05T17:54:02.028Z","method":"GET","url":"/"}
{"timestamp":"2023-07-05T18:05:54.159Z","method":"GET","url":"/"}
{"timestamp":"2023-07-05T18:07:17.964Z","method":"GET","url":"/branch"}
{"timestamp":"2023-07-05T18:07:57.291Z","method":"GET","url":"/branch"}
{"timestamp":"2023-07-05T18:09:02.443Z","method":"GET","url":"/branch"}
{"timestamp":"2023-07-05T18:09:50.958Z","method":"GET","url":"/branch"}
{"timestamp":"2023-07-05T18:10:15.761Z","method":"GET","url":"/branch"}
{"timestamp":"2023-07-05T18:56:01.881Z","method":"GET","url":"/"}
{"timestamp":"2023-07-05T18:56:17.713Z","method":"GET","url":"/branch"}
{"timestamp":"2023-07-05T19:25:21.661Z","method":"GET","url":"/branch"}
{"timestamp":"2023-07-06T07:32:17.389Z","method":"GET","url":"/branch"}
{"timestamp":"2023-07-06T07:37:31.274Z","method":"POST","url":"/branch/addNewBranch"}
{"timestamp":"2023-07-06T07:37:49.451Z","method":"POST","url":"/branch/addNewBranch"}
{"timestamp":"2023-07-06T10:29:29.057Z","method":"POST","url":"/branch/addNewBranch"}
{"timestamp":"2023-07-06T10:57:49.881Z","method":"DELETE","url":"/branch/delete/5"}
{"timestamp":"2023-07-06T10:58:10.960Z","method":"GET","url":"/branch/"}
{"timestamp":"2023-07-06T10:58:38.488Z","method":"GET","url":"/branch/delete/5"}
{"timestamp":"2023-07-06T11:05:18.256Z","method":"POST","url":"/branch/addNewBranch"}
{"timestamp":"2023-07-06T11:05:47.054Z","method":"POST","url":"/branch/addNewBranch"}
{"timestamp":"2023-07-06T11:06:03.351Z","method":"GET","url":"/branch"}
{"timestamp":"2023-07-06T11:06:59.498Z","method":"POST","url":"/branch/addNewBranch"}
{"timestamp":"2023-07-06T11:07:11.395Z","method":"GET","url":"/branch"}
{"timestamp":"2023-07-06T12:42:42.371Z","method":"POST","url":"/branch/addNewBranch"}
{"timestamp":"2023-07-06T12:46:41.986Z","method":"POST","url":"/branch/addNewBranch"}
{"timestamp":"2023-07-06T12:48:13.452Z","method":"POST","url":"/branch/addNewBranch"}
{"timestamp":"2023-07-06T14:39:06.460Z","method":"PUT","url":"/branch/updateDetails/9"}
{"timestamp":"2023-07-06T14:39:22.740Z","method":"GET","url":"/branch/"}
{"timestamp":"2023-07-06T14:40:30.055Z","method":"PUT","url":"/branch/updateDetails/8"}
{"timestamp":"2023-07-06T14:40:45.003Z","method":"GET","url":"/branch/"}
{"timestamp":"2023-07-06T15:01:28.329Z","method":"GET","url":"/branch/"}
{"timestamp":"2023-07-06T15:02:40.843Z","method":"GET","url":"/branch/"}
{"timestamp":"2023-07-06T19:15:05.789Z","method":"GET","url":"/products/2"}
{"timestamp":"2023-07-06T19:15:27.579Z","method":"GET","url":"/products/2"}
